<?xml version="1.0" encoding="UTF-8" ?>
<testsuite errors="1" failures="0" hostname="localhost" name="localTest.TestMisc" skipped="0" tests="1" time="0.0" timestamp="2023-06-08T10:07:23">
  <properties>
[...]
</properties>
  <error message="localTest.TestMisc" type="java.lang.ClassNotFoundException">java.lang.ClassNotFoundException: localTest.TestMisc
	at java.base/java.lang.ClassLoader.loadClass(ClassLoader.java:521)
	at java.base/java.lang.Class.forName0(Native Method)
	at java.base/java.lang.Class.forName(Class.java:495)
	at java.base/java.lang.Class.forName(Class.java:474)
	at java.base/jdk.internal.reflect.DirectMethodHandleAccessor.invoke(DirectMethodHandleAccessor.java:104)
	at org.eclipse.ant.internal.launching.remote.EclipseDefaultExecutor.executeTargets(EclipseDefaultExecutor.java:34)
	at org.eclipse.ant.internal.launching.remote.InternalAntRunner.run(InternalAntRunner.java:464)
	at org.eclipse.ant.internal.launching.remote.InternalAntRunner.main(InternalAntRunner.java:143)
</error>
  <system-out><![CDATA[]]></system-out>
  <system-err><![CDATA[]]></system-err>
</testsuite>
